<?xml version="1.0" encoding="UTF-8"?>
<testsuite xmlns:xsi="http://www.w3.org/2001/XMLSchema-instance" xsi:noNamespaceSchemaLocation="https://maven.apache.org/surefire/maven-surefire-plugin/xsd/surefire-test-report.xsd" name="com.bbva.TddinScala.MatchersForEqualityTest" time="0.159" tests="1" errors="1" skipped="0" failures="0">
  <properties>
[...]
</properties>
  <testcase name="initializationError" classname="com.bbva.TddinScala.MatchersForEqualityTest" time="0.003">
    <error message="org.scalactic.Tolerance.$init$(Lorg/scalactic/Tolerance;)V" type="java.lang.NoSuchMethodError"><![CDATA[java.lang.NoSuchMethodError: org.scalactic.Tolerance.$init$(Lorg/scalactic/Tolerance;)V
	at com.bbva.TddinScala.MatchersForEqualityTest.<init>(MatchersForEqualityTest.scala:7)
]]></error>
  </testcase>
</testsuite>